app/build/intermediates/manifest_merge_blame_file/release/processReleaseMainManifest/manifest-merger-blame-release-report.txt
1<?xml version="1.0" encoding="utf-8"?>
2<manifest xmlns:android="http://schemas.android.com/apk/res/android"
3    package="com.pawsup"
4    android:versionCode="1"
5    android:versionName="1.0.0" >
6
7    <uses-sdk
8        android:minSdkVersion="24"
9        android:targetSdkVersion="35" />
10
11    <uses-permission android:name="android.permission.PACKAGE_USAGE_STATS" />
11-->src\main\AndroidManifest.xml:5:5-6:47
11-->src\main\AndroidManifest.xml:5:22-75
12    <uses-permission android:name="android.permission.SYSTEM_ALERT_WINDOW" />
12-->src\main\AndroidManifest.xml:7:5-78
12-->src\main\AndroidManifest.xml:7:22-75
13    <uses-permission android:name="android.permission.FOREGROUND_SERVICE" />
13-->src\main\AndroidManifest.xml:8:5-77
13-->src\main\AndroidManifest.xml:8:22-74
14    <uses-permission android:name="android.permission.FOREGROUND_SERVICE_DATA_SYNC" />
14-->src\main\AndroidManifest.xml:9:5-87
14-->src\main\AndroidManifest.xml:9:22-84
15    <uses-permission android:name="android.permission.RECEIVE_BOOT_COMPLETED" />
15-->src\main\AndroidManifest.xml:10:5-81
15-->src\main\AndroidManifest.xml:10:22-78
16    <uses-permission android:name="android.permission.POST_NOTIFICATIONS" />
16-->src\main\AndroidManifest.xml:11:5-77
16-->src\main\AndroidManifest.xml:11:22-74
17    <uses-permission android:name="com.android.vending.BILLING" />
17-->src\main\AndroidManifest.xml:12:5-67
17-->src\main\AndroidManifest.xml:12:22-64
18    <uses-permission android:name="android.permission.REQUEST_IGNORE_BATTERY_OPTIMIZATIONS" />
18-->src\main\AndroidManifest.xml:13:5-95
18-->src\main\AndroidManifest.xml:13:22-92
19
20    <queries>
20-->src\main\AndroidManifest.xml:15:5-20:15
21        <intent>
21-->src\main\AndroidManifest.xml:16:9-19:18
22            <action android:name="android.intent.action.MAIN" />
22-->src\main\AndroidManifest.xml:17:13-65
22-->src\main\AndroidManifest.xml:17:21-62
23
24            <category android:name="android.intent.category.LAUNCHER" />
24-->src\main\AndroidManifest.xml:18:13-73
24-->src\main\AndroidManifest.xml:18:23-70
25        </intent>
26        <intent>
26-->[com.android.billingclient:billing:7.1.1] AndroidManifest.xml:13:9-15:18
27            <action android:name="com.android.vending.billing.InAppBillingService.BIND" />
27-->[com.android.billingclient:billing:7.1.1] AndroidManifest.xml:14:13-91
27-->[com.android.billingclient:billing:7.1.1] AndroidManifest.xml:14:21-88
28        </intent>
29        <intent>
29-->[com.android.billingclient:billing:7.1.1] AndroidManifest.xml:16:9-18:18
30            <action android:name="com.google.android.apps.play.billingtestcompanion.BillingOverrideService.BIND" />
30-->[com.android.billingclient:billing:7.1.1] AndroidManifest.xml:17:13-116
30-->[com.android.billingclient:billing:7.1.1] AndroidManifest.xml:17:21-113
31        </intent>
32    </queries>
33
34    <meta-data
34-->src\main\AndroidManifest.xml:22:5-24:33
35        android:name="com.google.android.play.billingclient.version"
35-->src\main\AndroidManifest.xml:23:9-69
36        android:value="8.0.0" />
36-->src\main\AndroidManifest.xml:24:9-30
37
38    <uses-permission android:name="android.permission.WAKE_LOCK" />
38-->[androidx.work:work-runtime:2.9.1] AndroidManifest.xml:23:5-68
38-->[androidx.work:work-runtime:2.9.1] AndroidManifest.xml:23:22-65
39    <uses-permission android:name="android.permission.ACCESS_NETWORK_STATE" />
39-->[androidx.work:work-runtime:2.9.1] AndroidManifest.xml:24:5-79
39-->[androidx.work:work-runtime:2.9.1] AndroidManifest.xml:24:22-76
40
41    <permission
41-->[androidx.core:core:1.13.1] AndroidManifest.xml:22:5-24:47
42        android:name="com.pawsup.DYNAMIC_RECEIVER_NOT_EXPORTED_PERMISSION"
42-->[androidx.core:core:1.13.1] AndroidManifest.xml:23:9-81
43        android:protectionLevel="signature" />
43-->[androidx.core:core:1.13.1] AndroidManifest.xml:24:9-44
44
45    <uses-permission android:name="com.pawsup.DYNAMIC_RECEIVER_NOT_EXPORTED_PERMISSION" />
45-->[androidx.core:core:1.13.1] AndroidManifest.xml:26:5-97
45-->[androidx.core:core:1.13.1] AndroidManifest.xml:26:22-94
46    <uses-permission android:name="android.permission.INTERNET" />
46-->[com.google.android.datatransport:transport-backend-cct:3.1.8] AndroidManifest.xml:25:5-67
46-->[com.google.android.datatransport:transport-backend-cct:3.1.8] AndroidManifest.xml:25:22-64
47
48    <application
48-->src\main\AndroidManifest.xml:26:5-119:19
49        android:name="com.pawsup.application.PawsUpApplication"
49-->src\main\AndroidManifest.xml:27:9-54
50        android:allowBackup="true"
50-->src\main\AndroidManifest.xml:28:9-35
51        android:appComponentFactory="androidx.core.app.CoreComponentFactory"
51-->[androidx.core:core:1.13.1] AndroidManifest.xml:28:18-86
52        android:extractNativeLibs="false"
53        android:icon="@drawable/ic_launcher_cat"
53-->src\main\AndroidManifest.xml:29:9-49
54        android:label="@string/app_name"
54-->src\main\AndroidManifest.xml:30:9-41
55        android:roundIcon="@drawable/ic_launcher_cat"
55-->src\main\AndroidManifest.xml:31:9-54
56        android:supportsRtl="true"
56-->src\main\AndroidManifest.xml:32:9-35
57        android:theme="@style/Theme.PawsUp" >
57-->src\main\AndroidManifest.xml:33:9-44
58        <activity
58-->src\main\AndroidManifest.xml:36:9-44:20
59            android:name="com.pawsup.ui.MainActivity"
59-->src\main\AndroidManifest.xml:37:13-44
60            android:exported="true"
60-->src\main\AndroidManifest.xml:38:13-36
61            android:theme="@style/Theme.PawsUp" >
61-->src\main\AndroidManifest.xml:39:13-48
62            <intent-filter>
62-->src\main\AndroidManifest.xml:40:13-43:29
63                <action android:name="android.intent.action.MAIN" />
63-->src\main\AndroidManifest.xml:17:13-65
63-->src\main\AndroidManifest.xml:17:21-62
64
65                <category android:name="android.intent.category.LAUNCHER" />
65-->src\main\AndroidManifest.xml:18:13-73
65-->src\main\AndroidManifest.xml:18:23-70
66            </intent-filter>
67        </activity>
68        <activity
68-->src\main\AndroidManifest.xml:46:9-49:51
69            android:name="com.pawsup.onboarding.OnboardingActivity"
69-->src\main\AndroidManifest.xml:47:13-58
70            android:exported="false"
70-->src\main\AndroidManifest.xml:48:13-37
71            android:theme="@style/Theme.PawsUp" />
71-->src\main\AndroidManifest.xml:49:13-48
72        <activity
72-->src\main\AndroidManifest.xml:51:9-54:51
73            android:name="com.pawsup.settings.SettingsActivity"
73-->src\main\AndroidManifest.xml:52:13-54
74            android:exported="false"
74-->src\main\AndroidManifest.xml:53:13-37
75            android:theme="@style/Theme.PawsUp" />
75-->src\main\AndroidManifest.xml:54:13-48
76        <activity
76-->src\main\AndroidManifest.xml:56:9-59:51
77            android:name="com.pawsup.apppicker.AppPickerActivity"
77-->src\main\AndroidManifest.xml:57:13-56
78            android:exported="false"
78-->src\main\AndroidManifest.xml:58:13-37
79            android:theme="@style/Theme.PawsUp" />
79-->src\main\AndroidManifest.xml:59:13-48
80        <activity
80-->src\main\AndroidManifest.xml:61:9-64:51
81            android:name="com.pawsup.paywall.PaywallActivity"
81-->src\main\AndroidManifest.xml:62:13-52
82            android:exported="false"
82-->src\main\AndroidManifest.xml:63:13-37
83            android:theme="@style/Theme.PawsUp" />
83-->src\main\AndroidManifest.xml:64:13-48
84        <activity
84-->src\main\AndroidManifest.xml:66:9-72:51
85            android:name="com.pawsup.break_experience.BreakOverlayActivity"
85-->src\main\AndroidManifest.xml:67:13-66
86            android:excludeFromRecents="true"
86-->src\main\AndroidManifest.xml:69:13-46
87            android:exported="false"
87-->src\main\AndroidManifest.xml:71:13-37
88            android:launchMode="singleInstance"
88-->src\main\AndroidManifest.xml:68:13-48
89            android:showOnLockScreen="true"
89-->src\main\AndroidManifest.xml:70:13-44
90            android:theme="@style/Theme.PawsUp" />
90-->src\main\AndroidManifest.xml:72:13-48
91
92        <service
92-->src\main\AndroidManifest.xml:74:9-78:40
93            android:name="com.pawsup.monitoring.MonitoringService"
93-->src\main\AndroidManifest.xml:75:13-57
94            android:exported="false"
94-->src\main\AndroidManifest.xml:78:13-37
95            android:foregroundServiceType="dataSync"
95-->src\main\AndroidManifest.xml:76:13-53
96            android:stopWithTask="false" />
96-->src\main\AndroidManifest.xml:77:13-41
97
98        <receiver
98-->src\main\AndroidManifest.xml:80:9-86:20
99            android:name="com.pawsup.monitoring.BootReceiver"
99-->src\main\AndroidManifest.xml:81:13-52
100            android:exported="false" >
100-->src\main\AndroidManifest.xml:82:13-37
101            <intent-filter>
101-->src\main\AndroidManifest.xml:83:13-85:29
102                <action android:name="android.intent.action.BOOT_COMPLETED" />
102-->src\main\AndroidManifest.xml:84:17-79
102-->src\main\AndroidManifest.xml:84:25-76
103            </intent-filter>
104        </receiver>
105
106        <!-- Chain-alarm keep-alive: Doze-immune secondary restart layer -->
107        <receiver
107-->src\main\AndroidManifest.xml:89:9-97:20
108            android:name="com.pawsup.monitoring.KeepAliveReceiver"
108-->src\main\AndroidManifest.xml:90:13-57
109            android:exported="false" >
109-->src\main\AndroidManifest.xml:91:13-37
110            <intent-filter>
110-->src\main\AndroidManifest.xml:92:13-96:29
111
112                <!--
113                     Re-arm alarm after app update (alarm survives update on most devices,
114                     but this is a safety net for devices that clear alarms on update)
115                -->
116                <action android:name="android.intent.action.MY_PACKAGE_REPLACED" />
116-->src\main\AndroidManifest.xml:95:17-84
116-->src\main\AndroidManifest.xml:95:25-81
117            </intent-filter>
118        </receiver>
119
120        <provider
121            android:name="androidx.core.content.FileProvider"
121-->src\main\AndroidManifest.xml:100:13-62
122            android:authorities="com.pawsup.fileprovider"
122-->src\main\AndroidManifest.xml:101:13-64
123            android:exported="false"
123-->src\main\AndroidManifest.xml:102:13-37
124            android:grantUriPermissions="true" >
124-->src\main\AndroidManifest.xml:103:13-47
125            <meta-data
125-->src\main\AndroidManifest.xml:104:13-106:54
126                android:name="android.support.FILE_PROVIDER_PATHS"
126-->src\main\AndroidManifest.xml:105:17-67
127                android:resource="@xml/file_paths" />
127-->src\main\AndroidManifest.xml:106:17-51
128        </provider>
129        <provider
130            android:name="androidx.startup.InitializationProvider"
130-->src\main\AndroidManifest.xml:110:13-67
131            android:authorities="com.pawsup.androidx-startup"
131-->src\main\AndroidManifest.xml:111:13-68
132            android:exported="false" >
132-->src\main\AndroidManifest.xml:112:13-37
133            <meta-data
133-->[androidx.emoji2:emoji2:1.3.0] AndroidManifest.xml:29:13-31:52
134                android:name="androidx.emoji2.text.EmojiCompatInitializer"
134-->[androidx.emoji2:emoji2:1.3.0] AndroidManifest.xml:30:17-75
135                android:value="androidx.startup" />
135-->[androidx.emoji2:emoji2:1.3.0] AndroidManifest.xml:31:17-49
136            <meta-data
136-->[androidx.lifecycle:lifecycle-process:2.8.7] AndroidManifest.xml:29:13-31:52
137                android:name="androidx.lifecycle.ProcessLifecycleInitializer"
137-->[androidx.lifecycle:lifecycle-process:2.8.7] AndroidManifest.xml:30:17-78
138                android:value="androidx.startup" />
138-->[androidx.lifecycle:lifecycle-process:2.8.7] AndroidManifest.xml:31:17-49
139            <meta-data
139-->[androidx.profileinstaller:profileinstaller:1.3.1] AndroidManifest.xml:29:13-31:52
140                android:name="androidx.profileinstaller.ProfileInstallerInitializer"
140-->[androidx.profileinstaller:profileinstaller:1.3.1] AndroidManifest.xml:30:17-85
141                android:value="androidx.startup" />
141-->[androidx.profileinstaller:profileinstaller:1.3.1] AndroidManifest.xml:31:17-49
142        </provider>
143
144        <meta-data
144-->src\main\AndroidManifest.xml:22:5-24:33
145            android:name="com.google.android.play.billingclient.version"
145-->src\main\AndroidManifest.xml:23:9-69
146            android:value="7.1.1" />
146-->src\main\AndroidManifest.xml:24:9-30
147
148        <activity
148-->[com.android.billingclient:billing:7.1.1] AndroidManifest.xml:26:9-30:75
149            android:name="com.android.billingclient.api.ProxyBillingActivity"
149-->[com.android.billingclient:billing:7.1.1] AndroidManifest.xml:27:13-78
150            android:configChanges="keyboard|keyboardHidden|screenLayout|screenSize|orientation"
150-->[com.android.billingclient:billing:7.1.1] AndroidManifest.xml:28:13-96
151            android:exported="false"
151-->[com.android.billingclient:billing:7.1.1] AndroidManifest.xml:29:13-37
152            android:theme="@android:style/Theme.Translucent.NoTitleBar" />
152-->[com.android.billingclient:billing:7.1.1] AndroidManifest.xml:30:13-72
153        <activity
153-->[com.android.billingclient:billing:7.1.1] AndroidManifest.xml:31:9-35:75
154            android:name="com.android.billingclient.api.ProxyBillingActivityV2"
154-->[com.android.billingclient:billing:7.1.1] AndroidManifest.xml:32:13-80
155            android:configChanges="keyboard|keyboardHidden|screenLayout|screenSize|orientation"
155-->[com.android.billingclient:billing:7.1.1] AndroidManifest.xml:33:13-96
156            android:exported="false"
156-->[com.android.billingclient:billing:7.1.1] AndroidManifest.xml:34:13-37
157            android:theme="@android:style/Theme.Translucent.NoTitleBar" />
157-->[com.android.billingclient:billing:7.1.1] AndroidManifest.xml:35:13-72
158        <activity
158-->[com.google.android.gms:play-services-base:18.5.0] AndroidManifest.xml:5:9-173
159            android:name="com.google.android.gms.common.api.GoogleApiActivity"
159-->[com.google.android.gms:play-services-base:18.5.0] AndroidManifest.xml:5:19-85
160            android:exported="false"
160-->[com.google.android.gms:play-services-base:18.5.0] AndroidManifest.xml:5:146-170
161            android:theme="@android:style/Theme.Translucent.NoTitleBar" />
161-->[com.google.android.gms:play-services-base:18.5.0] AndroidManifest.xml:5:86-145
162
163        <meta-data
163-->[com.google.android.gms:play-services-basement:18.4.0] AndroidManifest.xml:6:9-122
164            android:name="com.google.android.gms.version"
164-->[com.google.android.gms:play-services-basement:18.4.0] AndroidManifest.xml:6:20-65
165            android:value="@integer/google_play_services_version" />
165-->[com.google.android.gms:play-services-basement:18.4.0] AndroidManifest.xml:6:66-119
166
167        <service
167-->[androidx.work:work-runtime:2.9.1] AndroidManifest.xml:39:9-45:35
168            android:name="androidx.work.impl.background.systemalarm.SystemAlarmService"
168-->[androidx.work:work-runtime:2.9.1] AndroidManifest.xml:40:13-88
169            android:directBootAware="false"
169-->[androidx.work:work-runtime:2.9.1] AndroidManifest.xml:41:13-44
170            android:enabled="@bool/enable_system_alarm_service_default"
170-->[androidx.work:work-runtime:2.9.1] AndroidManifest.xml:42:13-72
171            android:exported="false" />
171-->[androidx.work:work-runtime:2.9.1] AndroidManifest.xml:43:13-37
172        <service
172-->[androidx.work:work-runtime:2.9.1] AndroidManifest.xml:46:9-52:35
173            android:name="androidx.work.impl.background.systemjob.SystemJobService"
173-->[androidx.work:work-runtime:2.9.1] AndroidManifest.xml:47:13-84
174            android:directBootAware="false"
174-->[androidx.work:work-runtime:2.9.1] AndroidManifest.xml:48:13-44
175            android:enabled="@bool/enable_system_job_service_default"
175-->[androidx.work:work-runtime:2.9.1] AndroidManifest.xml:49:13-70
176            android:exported="true"
176-->[androidx.work:work-runtime:2.9.1] AndroidManifest.xml:50:13-36
177            android:permission="android.permission.BIND_JOB_SERVICE" />
177-->[androidx.work:work-runtime:2.9.1] AndroidManifest.xml:51:13-69
178        <service
178-->[androidx.work:work-runtime:2.9.1] AndroidManifest.xml:53:9-59:35
179            android:name="androidx.work.impl.foreground.SystemForegroundService"
179-->[androidx.work:work-runtime:2.9.1] AndroidManifest.xml:54:13-81
180            android:directBootAware="false"
180-->[androidx.work:work-runtime:2.9.1] AndroidManifest.xml:55:13-44
181            android:enabled="@bool/enable_system_foreground_service_default"
181-->[androidx.work:work-runtime:2.9.1] AndroidManifest.xml:56:13-77
182            android:exported="false" />
182-->[androidx.work:work-runtime:2.9.1] AndroidManifest.xml:57:13-37
183
184        <receiver
184-->[androidx.work:work-runtime:2.9.1] AndroidManifest.xml:61:9-66:35
185            android:name="androidx.work.impl.utils.ForceStopRunnable$BroadcastReceiver"
185-->[androidx.work:work-runtime:2.9.1] AndroidManifest.xml:62:13-88
186            android:directBootAware="false"
186-->[androidx.work:work-runtime:2.9.1] AndroidManifest.xml:63:13-44
187            android:enabled="true"
187-->[androidx.work:work-runtime:2.9.1] AndroidManifest.xml:64:13-35
188            android:exported="false" />
188-->[androidx.work:work-runtime:2.9.1] AndroidManifest.xml:65:13-37
189        <receiver
189-->[androidx.work:work-runtime:2.9.1] AndroidManifest.xml:67:9-77:20
190            android:name="androidx.work.impl.background.systemalarm.ConstraintProxy$BatteryChargingProxy"
190-->[androidx.work:work-runtime:2.9.1] AndroidManifest.xml:68:13-106
191            android:directBootAware="false"
191-->[androidx.work:work-runtime:2.9.1] AndroidManifest.xml:69:13-44
192            android:enabled="false"
192-->[androidx.work:work-runtime:2.9.1] AndroidManifest.xml:70:13-36
193            android:exported="false" >
193-->[androidx.work:work-runtime:2.9.1] AndroidManifest.xml:71:13-37
194            <intent-filter>
194-->[androidx.work:work-runtime:2.9.1] AndroidManifest.xml:73:13-76:29
195                <action android:name="android.intent.action.ACTION_POWER_CONNECTED" />
195-->[androidx.work:work-runtime:2.9.1] AndroidManifest.xml:74:17-87
195-->[androidx.work:work-runtime:2.9.1] AndroidManifest.xml:74:25-84
196                <action android:name="android.intent.action.ACTION_POWER_DISCONNECTED" />
196-->[androidx.work:work-runtime:2.9.1] AndroidManifest.xml:75:17-90
196-->[androidx.work:work-runtime:2.9.1] AndroidManifest.xml:75:25-87
197            </intent-filter>
198        </receiver>
199        <receiver
199-->[androidx.work:work-runtime:2.9.1] AndroidManifest.xml:78:9-88:20
200            android:name="androidx.work.impl.background.systemalarm.ConstraintProxy$BatteryNotLowProxy"
200-->[androidx.work:work-runtime:2.9.1] AndroidManifest.xml:79:13-104
201            android:directBootAware="false"
201-->[androidx.work:work-runtime:2.9.1] AndroidManifest.xml:80:13-44
202            android:enabled="false"
202-->[androidx.work:work-runtime:2.9.1] AndroidManifest.xml:81:13-36
203            android:exported="false" >
203-->[androidx.work:work-runtime:2.9.1] AndroidManifest.xml:82:13-37
204            <intent-filter>
204-->[androidx.work:work-runtime:2.9.1] AndroidManifest.xml:84:13-87:29
205                <action android:name="android.intent.action.BATTERY_OKAY" />
205-->[androidx.work:work-runtime:2.9.1] AndroidManifest.xml:85:17-77
205-->[androidx.work:work-runtime:2.9.1] AndroidManifest.xml:85:25-74
206                <action android:name="android.intent.action.BATTERY_LOW" />
206-->[androidx.work:work-runtime:2.9.1] AndroidManifest.xml:86:17-76
206-->[androidx.work:work-runtime:2.9.1] AndroidManifest.xml:86:25-73
207            </intent-filter>
208        </receiver>
209        <receiver
209-->[androidx.work:work-runtime:2.9.1] AndroidManifest.xml:89:9-99:20
210            android:name="androidx.work.impl.background.systemalarm.ConstraintProxy$StorageNotLowProxy"
210-->[androidx.work:work-runtime:2.9.1] AndroidManifest.xml:90:13-104
211            android:directBootAware="false"
211-->[androidx.work:work-runtime:2.9.1] AndroidManifest.xml:91:13-44
212            android:enabled="false"
212-->[androidx.work:work-runtime:2.9.1] AndroidManifest.xml:92:13-36
213            android:exported="false" >
213-->[androidx.work:work-runtime:2.9.1] AndroidManifest.xml:93:13-37
214            <intent-filter>
214-->[androidx.work:work-runtime:2.9.1] AndroidManifest.xml:95:13-98:29
215                <action android:name="android.intent.action.DEVICE_STORAGE_LOW" />
215-->[androidx.work:work-runtime:2.9.1] AndroidManifest.xml:96:17-83
215-->[androidx.work:work-runtime:2.9.1] AndroidManifest.xml:96:25-80
216                <action android:name="android.intent.action.DEVICE_STORAGE_OK" />
216-->[androidx.work:work-runtime:2.9.1] AndroidManifest.xml:97:17-82
216-->[androidx.work:work-runtime:2.9.1] AndroidManifest.xml:97:25-79
217            </intent-filter>
218        </receiver>
219        <receiver
219-->[androidx.work:work-runtime:2.9.1] AndroidManifest.xml:100:9-109:20
220            android:name="androidx.work.impl.background.systemalarm.ConstraintProxy$NetworkStateProxy"
220-->[androidx.work:work-runtime:2.9.1] AndroidManifest.xml:101:13-103
221            android:directBootAware="false"
221-->[androidx.work:work-runtime:2.9.1] AndroidManifest.xml:102:13-44
222            android:enabled="false"
222-->[androidx.work:work-runtime:2.9.1] AndroidManifest.xml:103:13-36
223            android:exported="false" >
223-->[androidx.work:work-runtime:2.9.1] AndroidManifest.xml:104:13-37
224            <intent-filter>
224-->[androidx.work:work-runtime:2.9.1] AndroidManifest.xml:106:13-108:29
225                <action android:name="android.net.conn.CONNECTIVITY_CHANGE" />
225-->[androidx.work:work-runtime:2.9.1] AndroidManifest.xml:107:17-79
225-->[androidx.work:work-runtime:2.9.1] AndroidManifest.xml:107:25-76
226            </intent-filter>
227        </receiver>
228        <receiver
228-->[androidx.work:work-runtime:2.9.1] AndroidManifest.xml:110:9-121:20
229            android:name="androidx.work.impl.background.systemalarm.RescheduleReceiver"
229-->[androidx.work:work-runtime:2.9.1] AndroidManifest.xml:111:13-88
230            android:directBootAware="false"
230-->[androidx.work:work-runtime:2.9.1] AndroidManifest.xml:112:13-44
231            android:enabled="false"
231-->[androidx.work:work-runtime:2.9.1] AndroidManifest.xml:113:13-36
232            android:exported="false" >
232-->[androidx.work:work-runtime:2.9.1] AndroidManifest.xml:114:13-37
233            <intent-filter>
233-->[androidx.work:work-runtime:2.9.1] AndroidManifest.xml:116:13-120:29
234                <action android:name="android.intent.action.BOOT_COMPLETED" />
234-->src\main\AndroidManifest.xml:84:17-79
234-->src\main\AndroidManifest.xml:84:25-76
235                <action android:name="android.intent.action.TIME_SET" />
235-->[androidx.work:work-runtime:2.9.1] AndroidManifest.xml:118:17-73
235-->[androidx.work:work-runtime:2.9.1] AndroidManifest.xml:118:25-70
236                <action android:name="android.intent.action.TIMEZONE_CHANGED" />
236-->[androidx.work:work-runtime:2.9.1] AndroidManifest.xml:119:17-81
236-->[androidx.work:work-runtime:2.9.1] AndroidManifest.xml:119:25-78
237            </intent-filter>
238        </receiver>
239        <receiver
239-->[androidx.work:work-runtime:2.9.1] AndroidManifest.xml:122:9-131:20
240            android:name="androidx.work.impl.background.systemalarm.ConstraintProxyUpdateReceiver"
240-->[androidx.work:work-runtime:2.9.1] AndroidManifest.xml:123:13-99
241            android:directBootAware="false"
241-->[androidx.work:work-runtime:2.9.1] AndroidManifest.xml:124:13-44
242            android:enabled="@bool/enable_system_alarm_service_default"
242-->[androidx.work:work-runtime:2.9.1] AndroidManifest.xml:125:13-72
243            android:exported="false" >
243-->[androidx.work:work-runtime:2.9.1] AndroidManifest.xml:126:13-37
244            <intent-filter>
244-->[androidx.work:work-runtime:2.9.1] AndroidManifest.xml:128:13-130:29
245                <action android:name="androidx.work.impl.background.systemalarm.UpdateProxies" />
245-->[androidx.work:work-runtime:2.9.1] AndroidManifest.xml:129:17-98
245-->[androidx.work:work-runtime:2.9.1] AndroidManifest.xml:129:25-95
246            </intent-filter>
247        </receiver>
248        <receiver
248-->[androidx.work:work-runtime:2.9.1] AndroidManifest.xml:132:9-142:20
249            android:name="androidx.work.impl.diagnostics.DiagnosticsReceiver"
249-->[androidx.work:work-runtime:2.9.1] AndroidManifest.xml:133:13-78
250            android:directBootAware="false"
250-->[androidx.work:work-runtime:2.9.1] AndroidManifest.xml:134:13-44
251            android:enabled="true"
251-->[androidx.work:work-runtime:2.9.1] AndroidManifest.xml:135:13-35
252            android:exported="true"
252-->[androidx.work:work-runtime:2.9.1] AndroidManifest.xml:136:13-36
253            android:permission="android.permission.DUMP" >
253-->[androidx.work:work-runtime:2.9.1] AndroidManifest.xml:137:13-57
254            <intent-filter>
254-->[androidx.work:work-runtime:2.9.1] AndroidManifest.xml:139:13-141:29
255                <action android:name="androidx.work.diagnostics.REQUEST_DIAGNOSTICS" />
255-->[androidx.work:work-runtime:2.9.1] AndroidManifest.xml:140:17-88
255-->[androidx.work:work-runtime:2.9.1] AndroidManifest.xml:140:25-85
256            </intent-filter>
257        </receiver>
258
259        <service
259-->[androidx.room:room-runtime:2.5.0] AndroidManifest.xml:24:9-28:63
260            android:name="androidx.room.MultiInstanceInvalidationService"
260-->[androidx.room:room-runtime:2.5.0] AndroidManifest.xml:25:13-74
261            android:directBootAware="true"
261-->[androidx.room:room-runtime:2.5.0] AndroidManifest.xml:26:13-43
262            android:exported="false" />
262-->[androidx.room:room-runtime:2.5.0] AndroidManifest.xml:27:13-37
263
264        <receiver
264-->[androidx.profileinstaller:profileinstaller:1.3.1] AndroidManifest.xml:34:9-52:20
265            android:name="androidx.profileinstaller.ProfileInstallReceiver"
265-->[androidx.profileinstaller:profileinstaller:1.3.1] AndroidManifest.xml:35:13-76
266            android:directBootAware="false"
266-->[androidx.profileinstaller:profileinstaller:1.3.1] AndroidManifest.xml:36:13-44
267            android:enabled="true"
267-->[androidx.profileinstaller:profileinstaller:1.3.1] AndroidManifest.xml:37:13-35
268            android:exported="true"
268-->[androidx.profileinstaller:profileinstaller:1.3.1] AndroidManifest.xml:38:13-36
269            android:permission="android.permission.DUMP" >
269-->[androidx.profileinstaller:profileinstaller:1.3.1] AndroidManifest.xml:39:13-57
270            <intent-filter>
270-->[androidx.profileinstaller:profileinstaller:1.3.1] AndroidManifest.xml:40:13-42:29
271                <action android:name="androidx.profileinstaller.action.INSTALL_PROFILE" />
271-->[androidx.profileinstaller:profileinstaller:1.3.1] AndroidManifest.xml:41:17-91
271-->[androidx.profileinstaller:profileinstaller:1.3.1] AndroidManifest.xml:41:25-88
272            </intent-filter>
273            <intent-filter>
273-->[androidx.profileinstaller:profileinstaller:1.3.1] AndroidManifest.xml:43:13-45:29
274                <action android:name="androidx.profileinstaller.action.SKIP_FILE" />
274-->[androidx.profileinstaller:profileinstaller:1.3.1] AndroidManifest.xml:44:17-85
274-->[androidx.profileinstaller:profileinstaller:1.3.1] AndroidManifest.xml:44:25-82
275            </intent-filter>
276            <intent-filter>
276-->[androidx.profileinstaller:profileinstaller:1.3.1] AndroidManifest.xml:46:13-48:29
277                <action android:name="androidx.profileinstaller.action.SAVE_PROFILE" />
277-->[androidx.profileinstaller:profileinstaller:1.3.1] AndroidManifest.xml:47:17-88
277-->[androidx.profileinstaller:profileinstaller:1.3.1] AndroidManifest.xml:47:25-85
278            </intent-filter>
279            <intent-filter>
279-->[androidx.profileinstaller:profileinstaller:1.3.1] AndroidManifest.xml:49:13-51:29
280                <action android:name="androidx.profileinstaller.action.BENCHMARK_OPERATION" />
280-->[androidx.profileinstaller:profileinstaller:1.3.1] AndroidManifest.xml:50:17-95
280-->[androidx.profileinstaller:profileinstaller:1.3.1] AndroidManifest.xml:50:25-92
281            </intent-filter>
282        </receiver>
283
284        <service
284-->[com.google.android.datatransport:transport-backend-cct:3.1.8] AndroidManifest.xml:28:9-34:19
285            android:name="com.google.android.datatransport.runtime.backends.TransportBackendDiscovery"
285-->[com.google.android.datatransport:transport-backend-cct:3.1.8] AndroidManifest.xml:29:13-103
286            android:exported="false" >
286-->[com.google.android.datatransport:transport-backend-cct:3.1.8] AndroidManifest.xml:30:13-37
287            <meta-data
287-->[com.google.android.datatransport:transport-backend-cct:3.1.8] AndroidManifest.xml:31:13-33:39
288                android:name="backend:com.google.android.datatransport.cct.CctBackendFactory"
288-->[com.google.android.datatransport:transport-backend-cct:3.1.8] AndroidManifest.xml:32:17-94
289                android:value="cct" />
289-->[com.google.android.datatransport:transport-backend-cct:3.1.8] AndroidManifest.xml:33:17-36
290        </service>
291        <service
291-->[com.google.android.datatransport:transport-runtime:3.1.8] AndroidManifest.xml:26:9-30:19
292            android:name="com.google.android.datatransport.runtime.scheduling.jobscheduling.JobInfoSchedulerService"